<?xml version="1.0" encoding="UTF-8"?>
<!-- Generated by org.testng.reporters.JUnitXMLReporter -->
<testsuite hostname="SW0198" ignored="0" name="Command line test" tests="9" failures="1" timestamp="25 Jul 2018 17:06:51 GMT" time="228.18" errors="0">
  <testcase name="createAddAdminTest" time="41.835" classname="com.phpdemo.qa.testcases.AddAdminTest"/>
  <testcase name="validateAddAdminPageTitleTest" time="0.012" classname="com.phpdemo.qa.testcases.AddAdminTest"/>
  <testcase name="getAllAcctsSubMenusTest" time="1.075" classname="com.phpdemo.qa.testcases.HomePageTest"/>
  <testcase name="RememberMeChkTest" time="0.048" classname="com.phpdemo.qa.testcases.LoginPageTest"/>
  <testcase name="validateProfileBtnTest" time="0.505" classname="com.phpdemo.qa.testcases.HomePageTest"/>
  <testcase name="LoginPagePanelTest" time="0.067" classname="com.phpdemo.qa.testcases.LoginPageTest">
    <failure type="java.lang.AssertionError" message="expected [LOGIN PANEL] but found []">
      <![CDATA[java.lang.AssertionError: expected [LOGIN PANEL] but found []
	at com.phpdemo.qa.testcases.LoginPageTest.LoginPagePanelTest(LoginPageTest.java:35)
... Removed 41 stack frames]]>
    </failure>
  </testcase> <!-- LoginPagePanelTest -->
  <testcase name="validateTitlepageTest" time="1.531" classname="com.phpdemo.qa.testcases.HomePageTest"/>
  <testcase name="LoginTest" time="0.399" classname="com.phpdemo.qa.testcases.LoginPageTest"/>
  <testcase name="LoginPageFrgtPwdTest" time="0.045" classname="com.phpdemo.qa.testcases.LoginPageTest"/>
</testsuite> <!-- Command line test -->
