<?xml version="1.0" encoding="UTF-8" ?>
<testsuite tests="9" failures="1" name="TestSuite" time="45.524" errors="0" skipped="0">
  <properties>
[...]
</properties>
  <testcase classname="com.phpdemo.qa.testcases.AddAdminTest" name="createAddAdminTest" time="41.838"/>
  <testcase classname="com.phpdemo.qa.testcases.AddAdminTest" name="validateAddAdminPageTitleTest" time="0.013"/>
  <testcase classname="com.phpdemo.qa.testcases.HomePageTest" name="getAllAcctsSubMenusTest" time="1.077"/>
  <testcase classname="com.phpdemo.qa.testcases.LoginPageTest" name="RememberMeChkTest" time="0.049"/>
  <testcase classname="com.phpdemo.qa.testcases.HomePageTest" name="validateProfileBtnTest" time="0.504"/>
  <testcase classname="com.phpdemo.qa.testcases.LoginPageTest" name="LoginPagePanelTest" time="0.071">
    <failure message="expected [LOGIN PANEL] but found []" type="java.lang.AssertionError">java.lang.AssertionError: expected [LOGIN PANEL] but found []
	at org.testng.Assert.fail(Assert.java:94)
	at org.testng.Assert.failNotEquals(Assert.java:513)
	at org.testng.Assert.assertEqualsImpl(Assert.java:135)
	at org.testng.Assert.assertEquals(Assert.java:116)
	at org.testng.Assert.assertEquals(Assert.java:190)
	at org.testng.Assert.assertEquals(Assert.java:200)
	at com.phpdemo.qa.testcases.LoginPageTest.LoginPagePanelTest(LoginPageTest.java:35)
</failure>
    <system-out>Before navigating to: &apos;https://www.phptravels.net/admin&apos;
Navigated to:&apos;https://www.phptravels.net/admin&apos;
Trying to find Element By : By.xpath: //div/h2[@class = &apos;form-heading text-center&apos;]
Found Element By : By.xpath: //div/h2[@class = &apos;form-heading text-center&apos;]
Trying to get text of element: [[FirefoxDriver: firefox on XP (ac52f5b3-3038-4975-8cca-94b068b4f929)] -&gt; xpath: //div/h2[@class = &apos;form-heading text-center&apos;]]
text of the element [[FirefoxDriver: firefox on XP (ac52f5b3-3038-4975-8cca-94b068b4f929)] -&gt; xpath: //div/h2[@class = &apos;form-heading text-center&apos;]]is 
print statement and value is 
</system-out>
    <system-err>Unable to read VR Path Registry from C:\Users\jjagadeesha\AppData\Local\openvr\openvrpaths.vrpath
[Parent 7160, Gecko_IOThread] WARNING: pipe error: 109: file z:/build/build/src/ipc/chromium/src/chrome/common/ipc_channel_win.cc, line 346
Unable to read VR Path Registry from C:\Users\jjagadeesha\AppData\Local\openvr\openvrpaths.vrpath
[Child 2472, Chrome_ChildThread] WARNING: pipe error: 109: file z:/build/build/src/ipc/chromium/src/chrome/common/ipc_channel_win.cc, line 346
[Parent 7160, Gecko_IOThread] WARNING: file z:/build/build/src/ipc/chromium/src/base/process_util_win.cc, line 188
Unable to read VR Path Registry from C:\Users\jjagadeesha\AppData\Local\openvr\openvrpaths.vrpath
[Child 8848, Chrome_ChildThread] WARNING: pipe error: 109: file z:/build/build/src/ipc/chromium/src/chrome/common/ipc_channel_win.cc, line 346
*** UTM:SVC TimerManager:registerTimer called after profile-before-change notification. Ignoring timer registration for id: telemetry_modules_ping
Unable to read VR Path Registry from C:\Users\jjagadeesha\AppData\Local\openvr\openvrpaths.vrpath
[GPU 8788, Chrome_ChildThread] WARNING: pipe error: 109: file z:/build/build/src/ipc/chromium/src/chrome/common/ipc_channel_win.cc, line 346
1532538358784	geckodriver	INFO	geckodriver 0.21.0
1532538358800	geckodriver	INFO	Listening on 127.0.0.1:47599
1532538359283	mozrunner::runner	INFO	Running command: &quot;C:\\Program Files\\Mozilla Firefox\\firefox.exe&quot; &quot;-marionette&quot; &quot;-foreground&quot; &quot;-no-remote&quot; &quot;-profile&quot; &quot;C:\\Users\\JJAGAD~1\\AppData\\Local\\Temp\\rust_mozprofile.l7yNSZLtr6zr&quot;
1532538363647	Marionette	INFO	Listening on port 50683
1532538363720	Marionette	WARN	TLS certificate errors will be ignored for this session
Jul 25, 2018 6:06:03 PM org.openqa.selenium.remote.ProtocolHandshake createSession
INFO: Detected dialect: W3C
</system-err>
  </testcase>
  <testcase classname="com.phpdemo.qa.testcases.HomePageTest" name="validateTitlepageTest" time="1.532"/>
  <testcase classname="com.phpdemo.qa.testcases.LoginPageTest" name="LoginTest" time="0.396"/>
  <testcase classname="com.phpdemo.qa.testcases.LoginPageTest" name="LoginPageFrgtPwdTest" time="0.044"/>
</testsuite>